<?xml version="1.0" encoding="UTF-8"?>
<!-- Generated by org.testng.reporters.JUnitXMLReporter -->
<testsuite ignored="0" hostname="LAPTOP-16NA0FI5" failures="1" tests="7" name="Default test" time="10.034" errors="0" timestamp="2025-03-18T20:19:28 GMT-04:00">
  <testcase classname="io.cucumber.testng.AbstractTestNGCucumberTests" name="runScenario" time="2.783"/>
  <testcase classname="io.cucumber.testng.AbstractTestNGCucumberTests" name="runScenario" time="0.45"/>
  <testcase classname="io.cucumber.testng.AbstractTestNGCucumberTests" name="runScenario" time="0.99"/>
  <testcase classname="io.cucumber.testng.AbstractTestNGCucumberTests" name="runScenario" time="0.21"/>
  <testcase classname="io.cucumber.testng.AbstractTestNGCucumberTests" name="runScenario" time="0.754"/>
  <testcase classname="io.cucumber.testng.AbstractTestNGCucumberTests" name="runScenario" time="0.768"/>
  <testcase classname="io.cucumber.testng.AbstractTestNGCucumberTests" name="runScenario" time="0.223">
    <failure type="java.lang.AssertionError" message="expected [Assessment] but found [Practice Questions]">
      <![CDATA[java.lang.AssertionError: expected [Assessment] but found [Practice Questions]
at org.testng.Assert.fail(Assert.java:111)
at org.testng.Assert.failNotEquals(Assert.java:1578)
at org.testng.Assert.assertEqualsImpl(Assert.java:150)
at org.testng.Assert.assertEquals(Assert.java:132)
at org.testng.Assert.assertEquals(Assert.java:656)
at org.testng.Assert.assertEquals(Assert.java:666)
at StepDefinitions.Step_DataStructurePage.the_user_should_be_redirected_to_practice_questions_page_of_ds(Step_DataStructurePage.java:199)
at ✽.The user should be redirected to Practice Questions page  of DS(file:///C:/Users/Lavanya%20Yelakala/eclipse-workspace/DSAlgo_TeamAchievers/src/test/resources/features/UC04_dataStructureIntro.feature:52)
]]>
    </failure>
  </testcase> <!-- runScenario -->
</testsuite> <!-- Default test -->
