<?xml version="1.0" encoding="UTF-8"?>
<testsuite xmlns:xsi="http://www.w3.org/2001/XMLSchema-instance" xsi:noNamespaceSchemaLocation="https://maven.apache.org/surefire/maven-surefire-plugin/xsd/surefire-test-report-3.0.xsd" version="3.0" name="runner.TestRunner" time="1.062" tests="2" errors="0" skipped="0" failures="0">
  <properties>
[...]
</properties>
  <testcase name="runScenario[&quot;Verify that the user is able to navigate to the &apos;Tree&apos; data structure page&quot;, &quot;User Navigation to &apos;Tree&apos; Data Structure Page&quot;](1)" classname="runner.TestRunner" time="0.101">
    <system-out><![CDATA[
Scenario: Verify that the user is able to navigate to the 'Tree' data structure page # src/test/resources/features/UC08_treePage.feature:6
  Given the user is in the DS Algo portal after signing in                           # StepDefinitions.Step_TreePage.the_user_is_in_the_ds_algo_portal_after_signing_in()
  Given the user is in the DS Algo portal after signing in                           # StepDefinitions.Step_TreePage.the_user_is_in_the_ds_algo_portal_after_signing_in()
  When the user clicks the "Get Started" button in the Tree panel                    # StepDefinitions.Step_TreePage.the_user_clicks_the_button_in_the_tree_panel(java.lang.String)
  Then the user should be redirected to the 'Tree' data structure page               # StepDefinitions.Step_TreePage.the_user_should_be_redirected_to_the_data_structure_page(java.lang.String)
]]></system-out>
  </testcase>
  <testcase name="runScenario[&quot;Verify that the user is able to navigate to the &apos;Graph&apos; data structure page&quot;, &quot;User Navigation to &apos;Graph&apos; Data Structure Page&quot;](2)" classname="runner.TestRunner" time="0.005">
    <system-out><![CDATA[
Scenario: Verify that the user is able to navigate to the 'Graph' data structure page # src/test/resources/features/UC09_graphPage.feature:6
  Given the user is in the Home page after signing in                                 # StepDefinitions.Step_GraphPage.the_user_is_in_the_home_page_after_signing_in()
  Given the user is in the Home page after signing in                                 # StepDefinitions.Step_GraphPage.the_user_is_in_the_home_page_after_signing_in()
  When the user clicks the "Getting Started" button in the Graph Panel                # StepDefinitions.Step_GraphPage.the_user_clicks_the_button_in_the_graph_panel(java.lang.String)
  Then the user must be redirected to the 'Graph' data structure page                 # StepDefinitions.Step_GraphPage.the_user_must_be_redirected_to_the_data_structure_page(java.lang.String)
]]></system-out>
  </testcase>
</testsuite>