<?xml version="1.0" encoding="UTF-8"?>
<testng-results ignored="0" total="2" passed="2" failed="0" skipped="0">
  <reporter-output>
  </reporter-output>
  <suite started-at="2024-12-24T21:45:23 GMT-05:00" name="Surefire suite" finished-at="2024-12-24T21:45:23 GMT-05:00" duration-ms="670">
    <groups>
      <group name="cucumber">
        <method signature="AbstractTestNGCucumberTests.runScenario(io.cucumber.testng.PickleWrapper,io.cucumber.testng.FeatureWrapper)[pri:0, instance:runner.TestRunner@6d763516]" name="runScenario" class="io.cucumber.testng.AbstractTestNGCucumberTests"/>
      </group> <!-- cucumber -->
    </groups>
    <test started-at="2024-12-24T21:45:23 GMT-05:00" name="Surefire test" finished-at="2024-12-24T21:45:23 GMT-05:00" duration-ms="670">
      <class name="runner.TestRunner">
        <test-method is-config="true" signature="setUpClass(org.testng.ITestContext)[pri:0, instance:runner.TestRunner@6d763516]" started-at="2024-12-24T21:45:23 GMT-05:00" name="setUpClass" finished-at="2024-12-24T21:45:23 GMT-05:00" duration-ms="463" status="PASS">
          <params>
            <param index="0">
              <value>
                <![CDATA[org.testng.TestRunner@780ec4a5]]>
              </value>
            </param>
          </params>
          <reporter-output>
          </reporter-output>
        </test-method> <!-- setUpClass -->
        <test-method signature="runScenario(io.cucumber.testng.PickleWrapper,io.cucumber.testng.FeatureWrapper)[pri:0, instance:runner.TestRunner@6d763516]" started-at="2024-12-24T21:45:23 GMT-05:00" name="runScenario" description="Runs Cucumber Scenarios" data-provider="scenarios" finished-at="2024-12-24T21:45:23 GMT-05:00" duration-ms="96" status="PASS">
          <params>
            <param index="0">
              <value>
                <![CDATA["Verify that the user is able to navigate to the 'Tree' data structure page"]]>
              </value>
            </param>
            <param index="1">
              <value>
                <![CDATA["User Navigation to 'Tree' Data Structure Page"]]>
              </value>
            </param>
          </params>
          <reporter-output>
          </reporter-output>
        </test-method> <!-- runScenario -->
        <test-method signature="runScenario(io.cucumber.testng.PickleWrapper,io.cucumber.testng.FeatureWrapper)[pri:0, instance:runner.TestRunner@6d763516]" started-at="2024-12-24T21:45:23 GMT-05:00" name="runScenario" description="Runs Cucumber Scenarios" data-provider="scenarios" finished-at="2024-12-24T21:45:23 GMT-05:00" duration-ms="9" status="PASS">
          <params>
            <param index="0">
              <value>
                <![CDATA["Verify that the user is able to navigate to the 'Graph' data structure page"]]>
              </value>
            </param>
            <param index="1">
              <value>
                <![CDATA["User Navigation to 'Graph' Data Structure Page"]]>
              </value>
            </param>
          </params>
          <reporter-output>
          </reporter-output>
        </test-method> <!-- runScenario -->
        <test-method is-config="true" signature="tearDownClass()[pri:0, instance:runner.TestRunner@6d763516]" started-at="2024-12-24T21:45:23 GMT-05:00" name="tearDownClass" finished-at="2024-12-24T21:45:23 GMT-05:00" duration-ms="58" status="PASS">
          <reporter-output>
          </reporter-output>
        </test-method> <!-- tearDownClass -->
      </class> <!-- runner.TestRunner -->
    </test> <!-- Surefire test -->
  </suite> <!-- Surefire suite -->
</testng-results>
