<?xml version="1.0" encoding="UTF-8"?>
<!-- Generated by org.testng.reporters.JUnitReportReporter -->
<testsuite hostname="LAPTOP-16NA0FI5" failures="1" tests="7" name="Runner.TestRunner" time="5.452" errors="0" timestamp="2025-03-19T04:03:56 GMT-04:00" skipped="0">
  <testcase classname="Runner.TestRunner" name="runScenario" time="0.607"/>
  <testcase classname="Runner.TestRunner" name="runScenario" time="2.493"/>
  <testcase classname="Runner.TestRunner" name="runScenario" time="0.624"/>
  <testcase classname="Runner.TestRunner" name="runScenario" time="0.208">
    <failure message="expected [Assessment] but found [Practice Questions]" type="java.lang.AssertionError">
      <![CDATA[java.lang.AssertionError: expected [Assessment] but found [Practice Questions]
at org.testng.Assert.fail(Assert.java:111)
at org.testng.Assert.failNotEquals(Assert.java:1578)
at org.testng.Assert.assertEqualsImpl(Assert.java:150)
at org.testng.Assert.assertEquals(Assert.java:132)
at org.testng.Assert.assertEquals(Assert.java:656)
at org.testng.Assert.assertEquals(Assert.java:666)
at StepDefinitions.Step_DataStructurePage.the_user_should_be_redirected_to_practice_questions_page_of_ds(Step_DataStructurePage.java:199)
at ✽.The user should be redirected to Practice Questions page  of DS(file:///C:/Users/Lavanya%20Yelakala/eclipse-workspace/DSAlgo_TeamAchievers/src/test/resources/features/UC04_dataStructureIntro.feature:52)
]]>
    </failure>
  </testcase> <!-- runScenario -->
  <testcase classname="Runner.TestRunner" name="runScenario" time="0.986"/>
  <testcase classname="Runner.TestRunner" name="runScenario" time="0.162"/>
  <testcase classname="Runner.TestRunner" name="runScenario" time="0.372"/>
</testsuite> <!-- Runner.TestRunner -->
