<?xml version="1.0" encoding="UTF-8"?>
<!-- Generated by org.testng.reporters.JUnitReportReporter -->
<testsuite hostname="LAPTOP-16NA0FI5" failures="1" tests="7" name="Runner.TestRunner" time="6.473" errors="0" timestamp="2025-03-19T15:59:14 GMT-04:00" skipped="0">
  <testcase classname="Runner.TestRunner" name="runScenario" time="0.615"/>
  <testcase classname="Runner.TestRunner" name="runScenario" time="0.207"/>
  <testcase classname="Runner.TestRunner" name="runScenario" time="0.718"/>
  <testcase classname="Runner.TestRunner" name="runScenario" time="3.261"/>
  <testcase classname="Runner.TestRunner" name="runScenario" time="0.685"/>
  <testcase classname="Runner.TestRunner" name="runScenario" time="0.756"/>
  <testcase classname="Runner.TestRunner" name="runScenario" time="0.231">
    <failure message="expected [Assessment] but found [Practice Questions]" type="java.lang.AssertionError">
      <![CDATA[java.lang.AssertionError: expected [Assessment] but found [Practice Questions]
at org.testng.Assert.fail(Assert.java:111)
at org.testng.Assert.failNotEquals(Assert.java:1578)
at org.testng.Assert.assertEqualsImpl(Assert.java:150)
at org.testng.Assert.assertEquals(Assert.java:132)
at org.testng.Assert.assertEquals(Assert.java:656)
at org.testng.Assert.assertEquals(Assert.java:666)
at StepDefinitions.Step_DataStructurePage.the_user_should_be_redirected_to_practice_questions_page_of_ds(Step_DataStructurePage.java:199)
at ✽.The user should be redirected to Practice Questions page  of DS(file:///C:/Users/Lavanya%20Yelakala/eclipse-workspace/DSAlgo_TeamAchievers/src/test/resources/features/UC04_dataStructureIntro.feature:52)
]]>
    </failure>
  </testcase> <!-- runScenario -->
</testsuite> <!-- Runner.TestRunner -->
