<html>
<head>
<title>TestNG:  ChromeTest</title>
<link href="../testng.css" rel="stylesheet" type="text/css" />
<link href="../my-testng.css" rel="stylesheet" type="text/css" />

<style type="text/css">
.log { display: none;} 
.stack-trace { display: none;} 
</style>
<script type="text/javascript">
<!--
function flip(e) {
  current = e.style.display;
  if (current == 'block') {
    e.style.display = 'none';
    return 0;
  }
  else {
    e.style.display = 'block';
    return 1;
  }
}

function toggleBox(szDivId, elem, msg1, msg2)
{
  var res = -1;  if (document.getElementById) {
    res = flip(document.getElementById(szDivId));
  }
  else if (document.all) {
    // this is the way old msie versions work
    res = flip(document.all[szDivId]);
  }
  if(elem) {
    if(res == 0) elem.innerHTML = msg1; else elem.innerHTML = msg2;
  }

}

function toggleAllBoxes() {
  if (document.getElementsByTagName) {
    d = document.getElementsByTagName('div');
    for (i = 0; i < d.length; i++) {
      if (d[i].className == 'log') {
        flip(d[i]);
      }
    }
  }
}

// -->
</script>

</head>
<body>
<h2 align='center'>ChromeTest</h2><table border='1' align="center">
<tr>
<td>Tests passed/Failed/Skipped:</td><td>36/7/0</td>
</tr><tr>
<td>Started on:</td><td>Mon Mar 17 22:31:34 EDT 2025</td>
</tr>
<tr><td>Total time:</td><td>29 seconds (29727 ms)</td>
</tr><tr>
<td>Included groups:</td><td></td>
</tr><tr>
<td>Excluded groups:</td><td></td>
</tr>
</table><p/>
<small><i>(Hover the method name to see the test class name)</i></small><p/>
<table width='100%' border='1' class='invocation-failed'>
<tr><td colspan='4' align='center'><b>FAILED TESTS</b></td></tr>
<tr><td><b>Test method</b></td>
<td><b>Attribute(s)</b></td>
<td width="30%"><b>Exception</b></td>
<td width="10%"><b>Time (seconds)</b></td>
<td><b>Instance</b></td>
</tr>
<tr>
<td title='Runner.TestRunner.runScenario()'><b>runScenario</b><br>Test class: Runner.TestRunner<br>Test method: Runs Cucumber Scenarios<br>Parameters: "Verify that user is able to navigate to Practice Questions page under Creating Linked LIst page", "Linked List"</td>
<td><div><pre>java.lang.AssertionError: expected [Assessment] but found [Practice Questions]
	at StepDefinitions.Step_LinkedListPage.the_user_should_be_redirected_to_try_editor_page_with_a_run_button(Step_LinkedListPage.java:269)
	at ✽.The user should be redirected to try Editor page with a Run button(file:///C:/Users/Lavanya%20Yelakala/eclipse-workspace/DSAlgo_TeamAchievers/src/test/resources/features/UC06_linkedListPage.feature:265)
... Removed 6 stack frames</pre></div><a href='#' onClick='toggleBox("stack-trace390944909", this, "Click to show all stack frames", "Click to hide stack frames")'>Click to show all stack frames</a>
<div class='stack-trace' id='stack-trace390944909'><pre>java.lang.AssertionError: expected [Assessment] but found [Practice Questions]
	at org.testng.Assert.fail(Assert.java:111)
	at org.testng.Assert.failNotEquals(Assert.java:1578)
	at org.testng.Assert.assertEqualsImpl(Assert.java:150)
	at org.testng.Assert.assertEquals(Assert.java:132)
	at org.testng.Assert.assertEquals(Assert.java:656)
	at org.testng.Assert.assertEquals(Assert.java:666)
	at StepDefinitions.Step_LinkedListPage.the_user_should_be_redirected_to_try_editor_page_with_a_run_button(Step_LinkedListPage.java:269)
	at ✽.The user should be redirected to try Editor page with a Run button(file:///C:/Users/Lavanya%20Yelakala/eclipse-workspace/DSAlgo_TeamAchievers/src/test/resources/features/UC06_linkedListPage.feature:265)
</pre></div></td>
<td>0</td>
<td>Runner.TestRunner@463fd068</td></tr>
<tr>
<td title='Runner.TestRunner.runScenario()'><b>runScenario</b><br>Test class: Runner.TestRunner<br>Test method: Runs Cucumber Scenarios<br>Parameters: "Verify that user is able to navigate to Practice Questions page under Implement Linked List in Python page", "Linked List"</td>
<td><div><pre>java.lang.AssertionError: expected [Assessment] but found [Practice Questions]
	at StepDefinitions.Step_LinkedListPage.the_user_should_be_redirected_to_try_editor_page_with_a_run_button(Step_LinkedListPage.java:269)
	at ✽.The user should be redirected to try Editor page with a Run button(file:///C:/Users/Lavanya%20Yelakala/eclipse-workspace/DSAlgo_TeamAchievers/src/test/resources/features/UC06_linkedListPage.feature:277)
... Removed 6 stack frames</pre></div><a href='#' onClick='toggleBox("stack-trace1934428665", this, "Click to show all stack frames", "Click to hide stack frames")'>Click to show all stack frames</a>
<div class='stack-trace' id='stack-trace1934428665'><pre>java.lang.AssertionError: expected [Assessment] but found [Practice Questions]
	at org.testng.Assert.fail(Assert.java:111)
	at org.testng.Assert.failNotEquals(Assert.java:1578)
	at org.testng.Assert.assertEqualsImpl(Assert.java:150)
	at org.testng.Assert.assertEquals(Assert.java:132)
	at org.testng.Assert.assertEquals(Assert.java:656)
	at org.testng.Assert.assertEquals(Assert.java:666)
	at StepDefinitions.Step_LinkedListPage.the_user_should_be_redirected_to_try_editor_page_with_a_run_button(Step_LinkedListPage.java:269)
	at ✽.The user should be redirected to try Editor page with a Run button(file:///C:/Users/Lavanya%20Yelakala/eclipse-workspace/DSAlgo_TeamAchievers/src/test/resources/features/UC06_linkedListPage.feature:277)
</pre></div></td>
<td>0</td>
<td>Runner.TestRunner@463fd068</td></tr>
<tr>
<td title='Runner.TestRunner.runScenario()'><b>runScenario</b><br>Test class: Runner.TestRunner<br>Test method: Runs Cucumber Scenarios<br>Parameters: "Verify that user is able to navigate to Practice Questions page under Deletion page", "Linked List"</td>
<td><div><pre>java.lang.AssertionError: expected [Assessment] but found [Practice Questions]
	at StepDefinitions.Step_LinkedListPage.the_user_should_be_redirected_to_try_editor_page_with_a_run_button(Step_LinkedListPage.java:269)
	at ✽.The user should be redirected to try Editor page with a Run button(file:///C:/Users/Lavanya%20Yelakala/eclipse-workspace/DSAlgo_TeamAchievers/src/test/resources/features/UC06_linkedListPage.feature:295)
... Removed 6 stack frames</pre></div><a href='#' onClick='toggleBox("stack-trace700028092", this, "Click to show all stack frames", "Click to hide stack frames")'>Click to show all stack frames</a>
<div class='stack-trace' id='stack-trace700028092'><pre>java.lang.AssertionError: expected [Assessment] but found [Practice Questions]
	at org.testng.Assert.fail(Assert.java:111)
	at org.testng.Assert.failNotEquals(Assert.java:1578)
	at org.testng.Assert.assertEqualsImpl(Assert.java:150)
	at org.testng.Assert.assertEquals(Assert.java:132)
	at org.testng.Assert.assertEquals(Assert.java:656)
	at org.testng.Assert.assertEquals(Assert.java:666)
	at StepDefinitions.Step_LinkedListPage.the_user_should_be_redirected_to_try_editor_page_with_a_run_button(Step_LinkedListPage.java:269)
	at ✽.The user should be redirected to try Editor page with a Run button(file:///C:/Users/Lavanya%20Yelakala/eclipse-workspace/DSAlgo_TeamAchievers/src/test/resources/features/UC06_linkedListPage.feature:295)
</pre></div></td>
<td>0</td>
<td>Runner.TestRunner@463fd068</td></tr>
<tr>
<td title='Runner.TestRunner.runScenario()'><b>runScenario</b><br>Test class: Runner.TestRunner<br>Test method: Runs Cucumber Scenarios<br>Parameters: "Verify that user is able to navigate to Practice Questions page under Types of Linked List page", "Linked List"</td>
<td><div><pre>java.lang.AssertionError: expected [Assessment] but found [Practice Questions]
	at StepDefinitions.Step_LinkedListPage.the_user_should_be_redirected_to_try_editor_page_with_a_run_button(Step_LinkedListPage.java:269)
	at ✽.The user should be redirected to try Editor page with a Run button(file:///C:/Users/Lavanya%20Yelakala/eclipse-workspace/DSAlgo_TeamAchievers/src/test/resources/features/UC06_linkedListPage.feature:271)
... Removed 6 stack frames</pre></div><a href='#' onClick='toggleBox("stack-trace728818118", this, "Click to show all stack frames", "Click to hide stack frames")'>Click to show all stack frames</a>
<div class='stack-trace' id='stack-trace728818118'><pre>java.lang.AssertionError: expected [Assessment] but found [Practice Questions]
	at org.testng.Assert.fail(Assert.java:111)
	at org.testng.Assert.failNotEquals(Assert.java:1578)
	at org.testng.Assert.assertEqualsImpl(Assert.java:150)
	at org.testng.Assert.assertEquals(Assert.java:132)
	at org.testng.Assert.assertEquals(Assert.java:656)
	at org.testng.Assert.assertEquals(Assert.java:666)
	at StepDefinitions.Step_LinkedListPage.the_user_should_be_redirected_to_try_editor_page_with_a_run_button(Step_LinkedListPage.java:269)
	at ✽.The user should be redirected to try Editor page with a Run button(file:///C:/Users/Lavanya%20Yelakala/eclipse-workspace/DSAlgo_TeamAchievers/src/test/resources/features/UC06_linkedListPage.feature:271)
</pre></div></td>
<td>0</td>
<td>Runner.TestRunner@463fd068</td></tr>
<tr>
<td title='Runner.TestRunner.runScenario()'><b>runScenario</b><br>Test class: Runner.TestRunner<br>Test method: Runs Cucumber Scenarios<br>Parameters: "Verify that user is able to navigate to Practice Questions page under Traversal page", "Linked List"</td>
<td><div><pre>java.lang.AssertionError: expected [Assessment] but found [Practice Questions]
	at StepDefinitions.Step_LinkedListPage.the_user_should_be_redirected_to_try_editor_page_with_a_run_button(Step_LinkedListPage.java:269)
	at ✽.The user should be redirected to try Editor page with a Run button(file:///C:/Users/Lavanya%20Yelakala/eclipse-workspace/DSAlgo_TeamAchievers/src/test/resources/features/UC06_linkedListPage.feature:283)
... Removed 6 stack frames</pre></div><a href='#' onClick='toggleBox("stack-trace25162549", this, "Click to show all stack frames", "Click to hide stack frames")'>Click to show all stack frames</a>
<div class='stack-trace' id='stack-trace25162549'><pre>java.lang.AssertionError: expected [Assessment] but found [Practice Questions]
	at org.testng.Assert.fail(Assert.java:111)
	at org.testng.Assert.failNotEquals(Assert.java:1578)
	at org.testng.Assert.assertEqualsImpl(Assert.java:150)
	at org.testng.Assert.assertEquals(Assert.java:132)
	at org.testng.Assert.assertEquals(Assert.java:656)
	at org.testng.Assert.assertEquals(Assert.java:666)
	at StepDefinitions.Step_LinkedListPage.the_user_should_be_redirected_to_try_editor_page_with_a_run_button(Step_LinkedListPage.java:269)
	at ✽.The user should be redirected to try Editor page with a Run button(file:///C:/Users/Lavanya%20Yelakala/eclipse-workspace/DSAlgo_TeamAchievers/src/test/resources/features/UC06_linkedListPage.feature:283)
</pre></div></td>
<td>0</td>
<td>Runner.TestRunner@463fd068</td></tr>
<tr>
<td title='Runner.TestRunner.runScenario()'><b>runScenario</b><br>Test class: Runner.TestRunner<br>Test method: Runs Cucumber Scenarios<br>Parameters: "Verify that user is able to navigate to Practice Questions page under Introduction page", "Linked List"</td>
<td><div><pre>org.openqa.selenium.NoSuchElementException: no such element: Unable to locate element: {&quot;method&quot;:&quot;css selector&quot;,&quot;selector&quot;:&quot;a.dropdown-toggle&quot;}
  (Session info: chrome=134.0.6998.89)
For documentation on this error, please visit: https://www.selenium.dev/documentation/webdriver/troubleshooting/errors#no-such-element-exception
Build info: version: &apos;4.27.0&apos;, revision: &apos;d6e718d134&apos;
System info: os.name: &apos;Windows 11&apos;, os.arch: &apos;amd64&apos;, os.version: &apos;10.0&apos;, java.version: &apos;23.0.1&apos;
Driver info: org.openqa.selenium.chrome.ChromeDriver
Command: [007cd0500041cbe8889ad905fde17e73, findElement {using=css selector, value=a.dropdown-toggle}]
Capabilities {acceptInsecureCerts: false, browserName: chrome, browserVersion: 134.0.6998.89, chrome: {chromedriverVersion: 134.0.6998.88 (7e3d5c978c6d..., userDataDir: C:\Users\LAVANY~1\AppData\L...}, fedcm:accounts: true, goog:chromeOptions: {debuggerAddress: localhost:55930}, networkConnectionEnabled: false, pageLoadStrategy: normal, platformName: windows, proxy: Proxy(), se:cdp: ws://localhost:55930/devtoo..., se:cdpVersion: 134.0.6998.89, setWindowRect: true, strictFileInteractability: false, timeouts: {implicit: 0, pageLoad: 300000, script: 30000}, unhandledPromptBehavior: dismiss and notify, webauthn:extension:credBlob: true, webauthn:extension:largeBlob: true, webauthn:extension:minPinLength: true, webauthn:extension:prf: true, webauthn:virtualAuthenticators: true}
Session ID: 007cd0500041cbe8889ad905fde17e73
	at org.openqa.selenium.remote.ErrorCodec.decode(ErrorCodec.java:167)
	at org.openqa.selenium.remote.codec.w3c.W3CHttpResponseCodec.decode(W3CHttpResponseCodec.java:138)
	at org.openqa.selenium.remote.codec.w3c.W3CHttpResponseCodec.decode(W3CHttpResponseCodec.java:50)
	at org.openqa.selenium.remote.HttpCommandExecutor.execute(HttpCommandExecutor.java:190)
	at org.openqa.selenium.remote.service.DriverCommandExecutor.invokeExecute(DriverCommandExecutor.java:216)
	at org.openqa.selenium.remote.service.DriverCommandExecutor.execute(DriverCommandExecutor.java:174)
	at org.openqa.selenium.remote.RemoteWebDriver.execute(RemoteWebDriver.java:545)
	at org.openqa.selenium.remote.ElementLocation$ElementFinder$2.findElement(ElementLocation.java:165)
	at org.openqa.selenium.remote.ElementLocation.findElement(ElementLocation.java:59)
	at org.openqa.selenium.remote.RemoteWebDriver.findElement(RemoteWebDriver.java:368)
	at org.openqa.selenium.remote.RemoteWebDriver.findElement(RemoteWebDriver.java:362)
	at PageObjectModel.IntroductionPagePom.clickDropdownToggle(IntroductionPagePom.java:88)
	at StepDefinitions.Step_LinkedListPage.the_user_is_in_the_introduction_page(Step_LinkedListPage.java:66)
	at ✽.The user is in the Introduction page(file:///C:/Users/Lavanya%20Yelakala/eclipse-workspace/DSAlgo_TeamAchievers/src/test/resources/features/UC06_linkedListPage.feature:257)
... Removed 3 stack frames</pre></div><a href='#' onClick='toggleBox("stack-trace2134082159", this, "Click to show all stack frames", "Click to hide stack frames")'>Click to show all stack frames</a>
<div class='stack-trace' id='stack-trace2134082159'><pre>org.openqa.selenium.NoSuchElementException: no such element: Unable to locate element: {&quot;method&quot;:&quot;css selector&quot;,&quot;selector&quot;:&quot;a.dropdown-toggle&quot;}
  (Session info: chrome=134.0.6998.89)
For documentation on this error, please visit: https://www.selenium.dev/documentation/webdriver/troubleshooting/errors#no-such-element-exception
Build info: version: &apos;4.27.0&apos;, revision: &apos;d6e718d134&apos;
System info: os.name: &apos;Windows 11&apos;, os.arch: &apos;amd64&apos;, os.version: &apos;10.0&apos;, java.version: &apos;23.0.1&apos;
Driver info: org.openqa.selenium.chrome.ChromeDriver
Command: [007cd0500041cbe8889ad905fde17e73, findElement {using=css selector, value=a.dropdown-toggle}]
Capabilities {acceptInsecureCerts: false, browserName: chrome, browserVersion: 134.0.6998.89, chrome: {chromedriverVersion: 134.0.6998.88 (7e3d5c978c6d..., userDataDir: C:\Users\LAVANY~1\AppData\L...}, fedcm:accounts: true, goog:chromeOptions: {debuggerAddress: localhost:55930}, networkConnectionEnabled: false, pageLoadStrategy: normal, platformName: windows, proxy: Proxy(), se:cdp: ws://localhost:55930/devtoo..., se:cdpVersion: 134.0.6998.89, setWindowRect: true, strictFileInteractability: false, timeouts: {implicit: 0, pageLoad: 300000, script: 30000}, unhandledPromptBehavior: dismiss and notify, webauthn:extension:credBlob: true, webauthn:extension:largeBlob: true, webauthn:extension:minPinLength: true, webauthn:extension:prf: true, webauthn:virtualAuthenticators: true}
Session ID: 007cd0500041cbe8889ad905fde17e73
	at java.base/jdk.internal.reflect.DirectConstructorHandleAccessor.newInstance(DirectConstructorHandleAccessor.java:62)
	at java.base/java.lang.reflect.Constructor.newInstanceWithCaller(Constructor.java:501)
	at java.base/java.lang.reflect.Constructor.newInstance(Constructor.java:485)
	at org.openqa.selenium.remote.ErrorCodec.decode(ErrorCodec.java:167)
	at org.openqa.selenium.remote.codec.w3c.W3CHttpResponseCodec.decode(W3CHttpResponseCodec.java:138)
	at org.openqa.selenium.remote.codec.w3c.W3CHttpResponseCodec.decode(W3CHttpResponseCodec.java:50)
	at org.openqa.selenium.remote.HttpCommandExecutor.execute(HttpCommandExecutor.java:190)
	at org.openqa.selenium.remote.service.DriverCommandExecutor.invokeExecute(DriverCommandExecutor.java:216)
	at org.openqa.selenium.remote.service.DriverCommandExecutor.execute(DriverCommandExecutor.java:174)
	at org.openqa.selenium.remote.RemoteWebDriver.execute(RemoteWebDriver.java:545)
	at org.openqa.selenium.remote.ElementLocation$ElementFinder$2.findElement(ElementLocation.java:165)
	at org.openqa.selenium.remote.ElementLocation.findElement(ElementLocation.java:59)
	at org.openqa.selenium.remote.RemoteWebDriver.findElement(RemoteWebDriver.java:368)
	at org.openqa.selenium.remote.RemoteWebDriver.findElement(RemoteWebDriver.java:362)
	at PageObjectModel.IntroductionPagePom.clickDropdownToggle(IntroductionPagePom.java:88)
	at StepDefinitions.Step_LinkedListPage.the_user_is_in_the_introduction_page(Step_LinkedListPage.java:66)
	at ✽.The user is in the Introduction page(file:///C:/Users/Lavanya%20Yelakala/eclipse-workspace/DSAlgo_TeamAchievers/src/test/resources/features/UC06_linkedListPage.feature:257)
</pre></div></td>
<td>0</td>
<td>Runner.TestRunner@463fd068</td></tr>
<tr>
<td title='Runner.TestRunner.runScenario()'><b>runScenario</b><br>Test class: Runner.TestRunner<br>Test method: Runs Cucumber Scenarios<br>Parameters: "Verify that user is able to navigate to Practice Questions page under Insertion page", "Linked List"</td>
<td><div><pre>java.lang.AssertionError: expected [Assessment] but found [Practice Questions]
	at StepDefinitions.Step_LinkedListPage.the_user_should_be_redirected_to_try_editor_page_with_a_run_button(Step_LinkedListPage.java:269)
	at ✽.The user should be redirected to try Editor page with a Run button(file:///C:/Users/Lavanya%20Yelakala/eclipse-workspace/DSAlgo_TeamAchievers/src/test/resources/features/UC06_linkedListPage.feature:289)
... Removed 6 stack frames</pre></div><a href='#' onClick='toggleBox("stack-trace672850790", this, "Click to show all stack frames", "Click to hide stack frames")'>Click to show all stack frames</a>
<div class='stack-trace' id='stack-trace672850790'><pre>java.lang.AssertionError: expected [Assessment] but found [Practice Questions]
	at org.testng.Assert.fail(Assert.java:111)
	at org.testng.Assert.failNotEquals(Assert.java:1578)
	at org.testng.Assert.assertEqualsImpl(Assert.java:150)
	at org.testng.Assert.assertEquals(Assert.java:132)
	at org.testng.Assert.assertEquals(Assert.java:656)
	at org.testng.Assert.assertEquals(Assert.java:666)
	at StepDefinitions.Step_LinkedListPage.the_user_should_be_redirected_to_try_editor_page_with_a_run_button(Step_LinkedListPage.java:269)
	at ✽.The user should be redirected to try Editor page with a Run button(file:///C:/Users/Lavanya%20Yelakala/eclipse-workspace/DSAlgo_TeamAchievers/src/test/resources/features/UC06_linkedListPage.feature:289)
</pre></div></td>
<td>0</td>
<td>Runner.TestRunner@463fd068</td></tr>
</table><p>
<table width='100%' border='1' class='invocation-passed'>
<tr><td colspan='4' align='center'><b>PASSED TESTS</b></td></tr>
<tr><td><b>Test method</b></td>
<td><b>Attribute(s)</b></td>
<td width="30%"><b>Exception</b></td>
<td width="10%"><b>Time (seconds)</b></td>
<td><b>Instance</b></td>
</tr>
<tr>
<td title='Runner.TestRunner.runScenario()'><b>runScenario</b><br>Test class: Runner.TestRunner<br>Test method: Runs Cucumber Scenarios<br>Parameters: "Verify that user is able to navigate to Insertion page", "Linked List"</td>
<td></td>
<td>0</td>
<td>Runner.TestRunner@463fd068</td></tr>
<tr>
<td title='Runner.TestRunner.runScenario()'><b>runScenario</b><br>Test class: Runner.TestRunner<br>Test method: Runs Cucumber Scenarios<br>Parameters: "Verify that user is able to see output for valid python code for Implement Linked List in Python page", "Linked List"</td>
<td></td>
<td>0</td>
<td>Runner.TestRunner@463fd068</td></tr>
<tr>
<td title='Runner.TestRunner.runScenario()'><b>runScenario</b><br>Test class: Runner.TestRunner<br>Test method: Runs Cucumber Scenarios<br>Parameters: "Verify that user is able to navigate to try Editor page under Traversal page", "Linked List"</td>
<td></td>
<td>0</td>
<td>Runner.TestRunner@463fd068</td></tr>
<tr>
<td title='Runner.TestRunner.runScenario()'><b>runScenario</b><br>Test class: Runner.TestRunner<br>Test method: Runs Cucumber Scenarios<br>Parameters: "Verify that user receives error for invalid python code for Traversal page", "Linked List"</td>
<td></td>
<td>0</td>
<td>Runner.TestRunner@463fd068</td></tr>
<tr>
<td title='Runner.TestRunner.runScenario()'><b>runScenario</b><br>Test class: Runner.TestRunner<br>Test method: Runs Cucumber Scenarios<br>Parameters: "Verify that user is able to navigate to Traversal page", "Linked List"</td>
<td></td>
<td>0</td>
<td>Runner.TestRunner@463fd068</td></tr>
<tr>
<td title='Runner.TestRunner.runScenario()'><b>runScenario</b><br>Test class: Runner.TestRunner<br>Test method: Runs Cucumber Scenarios<br>Parameters: "Verify that user is able to see output for valid python code for Creating Linked List page", "Linked List"</td>
<td></td>
<td>0</td>
<td>Runner.TestRunner@463fd068</td></tr>
<tr>
<td title='Runner.TestRunner.runScenario()'><b>runScenario</b><br>Test class: Runner.TestRunner<br>Test method: Runs Cucumber Scenarios<br>Parameters: "Verify that user does not receive error when click on Run button without entering code for Traversal page", "Linked List"</td>
<td></td>
<td>0</td>
<td>Runner.TestRunner@463fd068</td></tr>
<tr>
<td title='Runner.TestRunner.runScenario()'><b>runScenario</b><br>Test class: Runner.TestRunner<br>Test method: Runs Cucumber Scenarios<br>Parameters: "Verify that user does not receive error when click on Run button without entering code for Creating Linked List page", "Linked List"</td>
<td></td>
<td>0</td>
<td>Runner.TestRunner@463fd068</td></tr>
<tr>
<td title='Runner.TestRunner.runScenario()'><b>runScenario</b><br>Test class: Runner.TestRunner<br>Test method: Runs Cucumber Scenarios<br>Parameters: "Verify that user is able to navigate to Linked List page", "Linked List"</td>
<td></td>
<td>2</td>
<td>Runner.TestRunner@463fd068</td></tr>
<tr>
<td title='Runner.TestRunner.runScenario()'><b>runScenario</b><br>Test class: Runner.TestRunner<br>Test method: Runs Cucumber Scenarios<br>Parameters: "Verify that user is able to see output for valid python code for Insertion page", "Linked List"</td>
<td></td>
<td>0</td>
<td>Runner.TestRunner@463fd068</td></tr>
<tr>
<td title='Runner.TestRunner.runScenario()'><b>runScenario</b><br>Test class: Runner.TestRunner<br>Test method: Runs Cucumber Scenarios<br>Parameters: "Verify that user is able to see output for valid python code for Traversal page", "Linked List"</td>
<td></td>
<td>0</td>
<td>Runner.TestRunner@463fd068</td></tr>
<tr>
<td title='Runner.TestRunner.runScenario()'><b>runScenario</b><br>Test class: Runner.TestRunner<br>Test method: Runs Cucumber Scenarios<br>Parameters: "Verify that user is able to navigate to try Editor page under Deletion page", "Linked List"</td>
<td></td>
<td>0</td>
<td>Runner.TestRunner@463fd068</td></tr>
<tr>
<td title='Runner.TestRunner.runScenario()'><b>runScenario</b><br>Test class: Runner.TestRunner<br>Test method: Runs Cucumber Scenarios<br>Parameters: "Verify that user is able to navigate to Introduction page", "Linked List"</td>
<td></td>
<td>0</td>
<td>Runner.TestRunner@463fd068</td></tr>
<tr>
<td title='Runner.TestRunner.runScenario()'><b>runScenario</b><br>Test class: Runner.TestRunner<br>Test method: Runs Cucumber Scenarios<br>Parameters: "Verify that user sees no changes when clicked on Run button without entering code for introduction page", "Linked List"</td>
<td></td>
<td>0</td>
<td>Runner.TestRunner@463fd068</td></tr>
<tr>
<td title='Runner.TestRunner.runScenario()'><b>runScenario</b><br>Test class: Runner.TestRunner<br>Test method: Runs Cucumber Scenarios<br>Parameters: "Verify that user does not receive error when click on Run button without entering code for Types of Linked List page", "Linked List"</td>
<td></td>
<td>0</td>
<td>Runner.TestRunner@463fd068</td></tr>
<tr>
<td title='Runner.TestRunner.runScenario()'><b>runScenario</b><br>Test class: Runner.TestRunner<br>Test method: Runs Cucumber Scenarios<br>Parameters: "Verify that user is able to navigate to try Editor page under Insertion page", "Linked List"</td>
<td></td>
<td>0</td>
<td>Runner.TestRunner@463fd068</td></tr>
<tr>
<td title='Runner.TestRunner.runScenario()'><b>runScenario</b><br>Test class: Runner.TestRunner<br>Test method: Runs Cucumber Scenarios<br>Parameters: "Verify that user is able to see output for valid python code", "Linked List"</td>
<td></td>
<td>0</td>
<td>Runner.TestRunner@463fd068</td></tr>
<tr>
<td title='Runner.TestRunner.runScenario()'><b>runScenario</b><br>Test class: Runner.TestRunner<br>Test method: Runs Cucumber Scenarios<br>Parameters: "Verify that user is able to see output for valid python code for Types of Linked List page", "Linked List"</td>
<td></td>
<td>0</td>
<td>Runner.TestRunner@463fd068</td></tr>
<tr>
<td title='Runner.TestRunner.runScenario()'><b>runScenario</b><br>Test class: Runner.TestRunner<br>Test method: Runs Cucumber Scenarios<br>Parameters: "Verify that user is able to navigate to Creating Linked LIst page", "Linked List"</td>
<td></td>
<td>0</td>
<td>Runner.TestRunner@463fd068</td></tr>
<tr>
<td title='Runner.TestRunner.runScenario()'><b>runScenario</b><br>Test class: Runner.TestRunner<br>Test method: Runs Cucumber Scenarios<br>Parameters: "Verify that user does not receive error when click on Run button without entering code for Implement Linked List in Python page", "Linked List"</td>
<td></td>
<td>0</td>
<td>Runner.TestRunner@463fd068</td></tr>
<tr>
<td title='Runner.TestRunner.runScenario()'><b>runScenario</b><br>Test class: Runner.TestRunner<br>Test method: Runs Cucumber Scenarios<br>Parameters: "Verify that user is able to navigate to try Editor page under Types of Linked List page", "Linked List"</td>
<td></td>
<td>1</td>
<td>Runner.TestRunner@463fd068</td></tr>
<tr>
<td title='Runner.TestRunner.runScenario()'><b>runScenario</b><br>Test class: Runner.TestRunner<br>Test method: Runs Cucumber Scenarios<br>Parameters: "Verify that user receives error for invalid python code for Creating Linked List page", "Linked List"</td>
<td></td>
<td>0</td>
<td>Runner.TestRunner@463fd068</td></tr>
<tr>
<td title='Runner.TestRunner.runScenario()'><b>runScenario</b><br>Test class: Runner.TestRunner<br>Test method: Runs Cucumber Scenarios<br>Parameters: "Verify that user receives error for invalid python code for Introduction page", "Linked List"</td>
<td></td>
<td>0</td>
<td>Runner.TestRunner@463fd068</td></tr>
<tr>
<td title='Runner.TestRunner.runScenario()'><b>runScenario</b><br>Test class: Runner.TestRunner<br>Test method: Runs Cucumber Scenarios<br>Parameters: "Verify that user receives error for invalid python code for Types of Linked List page", "Linked List"</td>
<td></td>
<td>0</td>
<td>Runner.TestRunner@463fd068</td></tr>
<tr>
<td title='Runner.TestRunner.runScenario()'><b>runScenario</b><br>Test class: Runner.TestRunner<br>Test method: Runs Cucumber Scenarios<br>Parameters: "Verify that user receives error for invalid python code for Deletion page", "Linked List"</td>
<td></td>
<td>0</td>
<td>Runner.TestRunner@463fd068</td></tr>
<tr>
<td title='Runner.TestRunner.runScenario()'><b>runScenario</b><br>Test class: Runner.TestRunner<br>Test method: Runs Cucumber Scenarios<br>Parameters: "Verify that user receives error for invalid python code for Implement Linked List in Python page", "Linked List"</td>
<td></td>
<td>0</td>
<td>Runner.TestRunner@463fd068</td></tr>
<tr>
<td title='Runner.TestRunner.runScenario()'><b>runScenario</b><br>Test class: Runner.TestRunner<br>Test method: Runs Cucumber Scenarios<br>Parameters: "Verify that user is able to navigate to Deletion page", "Linked List"</td>
<td></td>
<td>0</td>
<td>Runner.TestRunner@463fd068</td></tr>
<tr>
<td title='Runner.TestRunner.runScenario()'><b>runScenario</b><br>Test class: Runner.TestRunner<br>Test method: Runs Cucumber Scenarios<br>Parameters: "Verify that user is able to navigate to try Editor page under introduction page", "Linked List"</td>
<td></td>
<td>1</td>
<td>Runner.TestRunner@463fd068</td></tr>
<tr>
<td title='Runner.TestRunner.runScenario()'><b>runScenario</b><br>Test class: Runner.TestRunner<br>Test method: Runs Cucumber Scenarios<br>Parameters: "Verify that user does not receive error when click on Run button without entering code for Deletion page", "Linked List"</td>
<td></td>
<td>0</td>
<td>Runner.TestRunner@463fd068</td></tr>
<tr>
<td title='Runner.TestRunner.runScenario()'><b>runScenario</b><br>Test class: Runner.TestRunner<br>Test method: Runs Cucumber Scenarios<br>Parameters: "Verify that user receives error for invalid python code for Insertion page", "Linked List"</td>
<td></td>
<td>0</td>
<td>Runner.TestRunner@463fd068</td></tr>
<tr>
<td title='Runner.TestRunner.runScenario()'><b>runScenario</b><br>Test class: Runner.TestRunner<br>Test method: Runs Cucumber Scenarios<br>Parameters: "Verify that user is able to navigate to Implement Linked List in Python page", "Linked List"</td>
<td></td>
<td>0</td>
<td>Runner.TestRunner@463fd068</td></tr>
<tr>
<td title='Runner.TestRunner.runScenario()'><b>runScenario</b><br>Test class: Runner.TestRunner<br>Test method: Runs Cucumber Scenarios<br>Parameters: "Verify that user is able to navigate to try Editor page under Creating Linked LIst page", "Linked List"</td>
<td></td>
<td>0</td>
<td>Runner.TestRunner@463fd068</td></tr>
<tr>
<td title='Runner.TestRunner.runScenario()'><b>runScenario</b><br>Test class: Runner.TestRunner<br>Test method: Runs Cucumber Scenarios<br>Parameters: "Verify that user is able to navigate to Types of Linked List page", "Linked List"</td>
<td></td>
<td>0</td>
<td>Runner.TestRunner@463fd068</td></tr>
<tr>
<td title='Runner.TestRunner.runScenario()'><b>runScenario</b><br>Test class: Runner.TestRunner<br>Test method: Runs Cucumber Scenarios<br>Parameters: "Verify that user is able to navigate to try Editor page under Implement Linked List in Python page", "Linked List"</td>
<td></td>
<td>1</td>
<td>Runner.TestRunner@463fd068</td></tr>
<tr>
<td title='Runner.TestRunner.runScenario()'><b>runScenario</b><br>Test class: Runner.TestRunner<br>Test method: Runs Cucumber Scenarios<br>Parameters: "Verify that user is able to see output for valid python code for Deletion page", "Linked List"</td>
<td></td>
<td>0</td>
<td>Runner.TestRunner@463fd068</td></tr>
<tr>
<td title='Runner.TestRunner.runScenario()'><b>runScenario</b><br>Test class: Runner.TestRunner<br>Test method: Runs Cucumber Scenarios<br>Parameters: "Verify that user does not receive error when click on Run button without entering code for Insertion page", "Linked List"</td>
<td></td>
<td>0</td>
<td>Runner.TestRunner@463fd068</td></tr>
</table><p>
</body>
</html>